<?xml version="1.0" encoding="UTF-8"?>
<!-- Generated by org.testng.reporters.JUnitReportReporter -->
<testsuite hostname="LAPTOP-8QTKQT2H" failures="0" tests="10" name="Question6.Question4_TestNG" time="51.983" errors="0" timestamp="2023-10-01T14:36:57 IST" skipped="0">
  <testcase classname="Question6.Question4_TestNG" name="verify_home_header_link_availability" time="0.050"/>
  <testcase classname="Question6.Question4_TestNG" name="verify_home_header_link_availability" time="0.032"/>
  <testcase classname="Question6.Question4_TestNG" name="verify_home_header_link_availability" time="0.029"/>
  <testcase classname="Question6.Question4_TestNG" name="verify_home_header_link_availability" time="0.029"/>
  <testcase classname="Question6.Question4_TestNG" name="verify_home_header_link_availability" time="0.037"/>
  <testcase classname="Question6.Question4_TestNG" name="verify_home_header_links_navigation" time="23.847"/>
  <testcase classname="Question6.Question4_TestNG" name="verify_home_header_links_navigation" time="5.998"/>
  <testcase classname="Question6.Question4_TestNG" name="verify_home_header_links_navigation" time="5.793"/>
  <testcase classname="Question6.Question4_TestNG" name="verify_home_header_links_navigation" time="10.004"/>
  <testcase classname="Question6.Question4_TestNG" name="verify_home_header_links_navigation" time="6.164"/>
</testsuite> <!-- Question6.Question4_TestNG -->
