<?xml version="1.0" encoding="UTF-8"?>
<!-- Generated by org.testng.reporters.JUnitReportReporter -->
<testsuite hostname="LAPTOP-8QTKQT2H" failures="0" tests="3" name="Question6.Question3_TestNG" time="3.222" errors="0" timestamp="2023-10-01T14:36:57 IST" skipped="1">
  <testcase classname="Question6.Question3_TestNG" name="verify_logo" time="0.061"/>
  <testcase classname="Question6.Question3_TestNG" name="verify_RequestDemo_button" time="3.161"/>
  <testcase classname="Question6.Question3_TestNG" name="verify_RequestDemo_button_navigation">
    <skipped/>
  </testcase> <!-- verify_RequestDemo_button_navigation -->
</testsuite> <!-- Question6.Question3_TestNG -->
